Starting current_2012_s1 on  Mon Jul 18 23:36:40 UTC 2016
Running mctd_foursurf.R for year  2012  session  1
Loading required package: ggplot2
Loading required package: StanHeaders
rstan (Version 2.10.1, packaged: 2016-06-24 13:22:16 UTC, GitRev: 85f7a56811da)
For execution on a local, multicore CPU with excess RAM we recommend calling
rstan_options(auto_write = TRUE)
options(mc.cores = parallel::detectCores())
R version 3.3.1 (2016-06-21)
Platform: x86_64-apple-darwin13.4.0 (64-bit)
Running under: OS X 10.11.5 (El Capitan)

locale:
[1] en_US.UTF-8/en_US.UTF-8/en_US.UTF-8/C/en_US.UTF-8/en_US.UTF-8

attached base packages:
[1] stats     graphics  grDevices utils     datasets  base     

other attached packages:
[1] rstan_2.10.1         StanHeaders_2.10.0-2 ggplot2_2.1.0       

loaded via a namespace (and not attached):
 [1] colorspace_1.2-6 scales_0.4.0     plyr_1.8.4       inline_0.3.14   
 [5] gtable_0.2.0     gridExtra_2.2.1  Rcpp_0.12.5      grid_3.3.1      
 [9] methods_3.3.1    stats4_3.3.1     munsell_0.4.3   
structure(list(Tube = c(1L, 2L, 3L, 4L, 5L, 6L, 7L, 8L, 9L, 10L, 
11L, 12L, 13L, 14L, 15L, 16L, 17L, 18L, 19L, 20L, 21L, 22L, 23L, 
24L, 26L, 28L, 29L, 30L, 31L, 32L, 33L, 34L, 35L, 36L, 37L, 38L, 
39L, 40L, 41L, 42L, 43L, 44L, 45L, 47L, 48L, 49L, 50L, 51L, 52L, 
53L, 54L, 55L, 56L, 57L, 58L, 59L, 60L, 61L, 63L, 65L, 66L, 68L, 
69L, 70L, 71L, 72L, 73L, 74L, 75L, 76L, 77L, 78L, 79L, 80L, 81L, 
82L, 83L, 84L, 85L, 86L, 87L, 88L, 89L, 90L, 91L, 92L, 93L, 94L, 
95L, 96L), Tube_alias = 1:90), .Names = c("Tube", "Tube_alias"
), row.names = c(NA, -90L), class = "data.frame")
   Tube Tube_alias
1     1          1
2     2          2
3     3          3
4     4          4
5     5          5
6     6          6
7     7          7
8     8          8
9     9          9
10   10         10
11   11         11
12   12         12
13   13         13
14   14         14
15   15         15
16   16         16
17   17         17
18   18         18
19   19         19
20   20         20
21   21         21
22   22         22
23   23         23
24   24         24
25   26         25
26   28         26
27   29         27
28   30         28
29   31         29
30   32         30
31   33         31
32   34         32
33   35         33
34   36         34
35   37         35
36   38         36
37   39         37
38   40         38
39   41         39
40   42         40
41   43         41
42   44         42
43   45         43
44   47         44
45   48         45
46   49         46
47   50         47
48   51         48
49   52         49
50   53         50
51   54         51
52   55         52
53   56         53
54   57         54
55   58         55
56   59         56
57   60         57
58   61         58
59   63         59
60   65         60
61   66         61
62   68         62
63   69         63
64   70         64
65   71         65
66   72         66
67   73         67
68   74         68
69   75         69
70   76         70
71   77         71
72   78         72
73   79         73
74   80         74
75   81         75
76   82         76
77   83         77
78   84         78
79   85         79
80   86         80
81   87         81
82   88         82
83   89         83
84   90         84
85   91         85
86   92         86
87   93         87
88   94         88
89   95         89
90   96         90
[1] "Using data from 2012 , session 1"
[1] "Crop name-to-number key:"
              num          name first_tube last_tube first_tube_alias
Maize-Soybean   1 Maize-Soybean          1        24                1
Switchgrass     2   Switchgrass         49        72               46
Miscanthus      3    Miscanthus         26        48               25
Prairie         4       Prairie         73        96               67
              last_tube_alias n_tubes
Maize-Soybean              24      24
Switchgrass                66      21
Miscanthus                 45      21
Prairie                    90      24
[1] "conditions for predicted data:"
   tube depth       Species
1     1     1   Switchgrass
2     2     1    Miscanthus
3     3     1       Prairie
4     4     1 Maize-Soybean
5     1     8   Switchgrass
6     2     8    Miscanthus
7     3     8       Prairie
8     4     8 Maize-Soybean
9     1    15   Switchgrass
10    2    15    Miscanthus
11    3    15       Prairie
12    4    15 Maize-Soybean
13    1    21   Switchgrass
14    2    21    Miscanthus
15    3    21       Prairie
16    4    21 Maize-Soybean
17    1    28   Switchgrass
18    2    28    Miscanthus
19    3    28       Prairie
20    4    28 Maize-Soybean
21    1    35   Switchgrass
22    2    35    Miscanthus
23    3    35       Prairie
24    4    35 Maize-Soybean
25    1    42   Switchgrass
26    2    42    Miscanthus
27    3    42       Prairie
28    4    42 Maize-Soybean
29    1    49   Switchgrass
30    2    49    Miscanthus
31    3    49       Prairie
32    4    49 Maize-Soybean
33    1    55   Switchgrass
34    2    55    Miscanthus
35    3    55       Prairie
36    4    55 Maize-Soybean
37    1    62   Switchgrass
38    2    62    Miscanthus
39    3    62       Prairie
40    4    62 Maize-Soybean
41    1    69   Switchgrass
42    2    69    Miscanthus
43    3    69       Prairie
44    4    69 Maize-Soybean
45    1    76   Switchgrass
46    2    76    Miscanthus
47    3    76       Prairie
48    4    76 Maize-Soybean
49    1    82   Switchgrass
50    2    82    Miscanthus
51    3    82       Prairie
52    4    82 Maize-Soybean
53    1    89   Switchgrass
54    2    89    Miscanthus
55    3    89       Prairie
56    4    89 Maize-Soybean
57    1    96   Switchgrass
58    2    96    Miscanthus
59    3    96       Prairie
60    4    96 Maize-Soybean
61    1   103   Switchgrass
62    2   103    Miscanthus
63    3   103       Prairie
64    4   103 Maize-Soybean
65    1   110   Switchgrass
66    2   110    Miscanthus
67    3   110       Prairie
68    4   110 Maize-Soybean
69    1   116   Switchgrass
70    2   116    Miscanthus
71    3   116       Prairie
72    4   116 Maize-Soybean
73    1   123   Switchgrass
74    2   123    Miscanthus
75    3   123       Prairie
76    4   123 Maize-Soybean
77    1   130   Switchgrass
78    2   130    Miscanthus
79    3   130       Prairie
80    4   130 Maize-Soybean

TRANSLATING MODEL 'mctd_foursurf' FROM Stan CODE TO C++ CODE NOW.
DIAGNOSTIC(S) FROM PARSER:
Warning (non-fatal): assignment operator <- deprecated in the Stan language; use = instead.
Warning (non-fatal): assignment operator <- deprecated in the Stan language; use = instead.
Warning (non-fatal): assignment operator <- deprecated in the Stan language; use = instead.
Warning (non-fatal): assignment operator <- deprecated in the Stan language; use = instead.
Warning (non-fatal): assignment operator <- deprecated in the Stan language; use = instead.
Warning (non-fatal): assignment operator <- deprecated in the Stan language; use = instead.
Warning (non-fatal): assignment operator <- deprecated in the Stan language; use = instead.
Warning (non-fatal): assignment operator <- deprecated in the Stan language; use = instead.
Warning (non-fatal): assignment operator <- deprecated in the Stan language; use = instead.
Warning (non-fatal): assignment operator <- deprecated in the Stan language; use = instead.
Warning (non-fatal): assignment operator <- deprecated in the Stan language; use = instead.
Warning (non-fatal): assignment operator <- deprecated in the Stan language; use = instead.
Warning (non-fatal): assignment operator <- deprecated in the Stan language; use = instead.
Warning (non-fatal): assignment operator <- deprecated in the Stan language; use = instead.
Warning (non-fatal): assignment operator <- deprecated in the Stan language; use = instead.
Warning (non-fatal): assignment operator <- deprecated in the Stan language; use = instead.
Warning (non-fatal): assignment operator <- deprecated in the Stan language; use = instead.
Warning (non-fatal): assignment operator <- deprecated in the Stan language; use = instead.
Warning (non-fatal): assignment operator <- deprecated in the Stan language; use = instead.
Warning (non-fatal): assignment operator <- deprecated in the Stan language; use = instead.
Warning (non-fatal): assignment operator <- deprecated in the Stan language; use = instead.
Warning (non-fatal): assignment operator <- deprecated in the Stan language; use = instead.
Warning (non-fatal): assignment operator <- deprecated in the Stan language; use = instead.

successful in parsing the Stan model 'mctd_foursurf'.

CHECKING DATA AND PREPROCESSING FOR MODEL 'mctd_foursurf' NOW.

COMPILING MODEL 'mctd_foursurf' NOW.

STARTING SAMPLER FOR MODEL 'mctd_foursurf' NOW.
starting worker pid=46949 on localhost:11358 at 18:36:45.541
starting worker pid=46957 on localhost:11358 at 18:36:45.714
starting worker pid=46965 on localhost:11358 at 18:36:45.889
starting worker pid=46973 on localhost:11358 at 18:36:46.066
starting worker pid=46981 on localhost:11358 at 18:36:46.241

CHECKING DATA AND PREPROCESSING FOR MODEL 'mctd_foursurf' NOW.

COMPILING MODEL 'mctd_foursurf' NOW.

STARTING SAMPLER FOR MODEL 'mctd_foursurf' NOW.

SAMPLING FOR MODEL 'mctd_foursurf' NOW (CHAIN 1).

Chain 1, Iteration:    1 / 5000 [  0%]  (Warmup)
CHECKING DATA AND PREPROCESSING FOR MODEL 'mctd_foursurf' NOW.

COMPILING MODEL 'mctd_foursurf' NOW.

STARTING SAMPLER FOR MODEL 'mctd_foursurf' NOW.

SAMPLING FOR MODEL 'mctd_foursurf' NOW (CHAIN 2).

Chain 2, Iteration:    1 / 5000 [  0%]  (Warmup)
CHECKING DATA AND PREPROCESSING FOR MODEL 'mctd_foursurf' NOW.

COMPILING MODEL 'mctd_foursurf' NOW.

STARTING SAMPLER FOR MODEL 'mctd_foursurf' NOW.

SAMPLING FOR MODEL 'mctd_foursurf' NOW (CHAIN 3).

Chain 3, Iteration:    1 / 5000 [  0%]  (Warmup)
CHECKING DATA AND PREPROCESSING FOR MODEL 'mctd_foursurf' NOW.

COMPILING MODEL 'mctd_foursurf' NOW.

STARTING SAMPLER FOR MODEL 'mctd_foursurf' NOW.

SAMPLING FOR MODEL 'mctd_foursurf' NOW (CHAIN 4).

Chain 4, Iteration:    1 / 5000 [  0%]  (Warmup)
CHECKING DATA AND PREPROCESSING FOR MODEL 'mctd_foursurf' NOW.

COMPILING MODEL 'mctd_foursurf' NOW.

STARTING SAMPLER FOR MODEL 'mctd_foursurf' NOW.

SAMPLING FOR MODEL 'mctd_foursurf' NOW (CHAIN 5).

Chain 5, Iteration:    1 / 5000 [  0%]  (Warmup)
Chain 5, Iteration:  500 / 5000 [ 10%]  (Warmup)
Chain 4, Iteration:  500 / 5000 [ 10%]  (Warmup)
Chain 3, Iteration:  500 / 5000 [ 10%]  (Warmup)
Chain 1, Iteration:  500 / 5000 [ 10%]  (Warmup)
Chain 2, Iteration:  500 / 5000 [ 10%]  (Warmup)
Chain 4, Iteration: 1000 / 5000 [ 20%]  (Warmup)
Chain 4, Iteration: 1001 / 5000 [ 20%]  (Sampling)
Chain 3, Iteration: 1000 / 5000 [ 20%]  (Warmup)
Chain 3, Iteration: 1001 / 5000 [ 20%]  (Sampling)
Chain 1, Iteration: 1000 / 5000 [ 20%]  (Warmup)
Chain 1, Iteration: 1001 / 5000 [ 20%]  (Sampling)
Chain 2, Iteration: 1000 / 5000 [ 20%]  (Warmup)
Chain 2, Iteration: 1001 / 5000 [ 20%]  (Sampling)
Chain 5, Iteration: 1000 / 5000 [ 20%]  (Warmup)
Chain 5, Iteration: 1001 / 5000 [ 20%]  (Sampling)
Chain 4, Iteration: 1500 / 5000 [ 30%]  (Sampling)
Chain 1, Iteration: 1500 / 5000 [ 30%]  (Sampling)
Chain 5, Iteration: 1500 / 5000 [ 30%]  (Sampling)
Chain 2, Iteration: 1500 / 5000 [ 30%]  (Sampling)
Chain 3, Iteration: 1500 / 5000 [ 30%]  (Sampling)
Chain 4, Iteration: 2000 / 5000 [ 40%]  (Sampling)
Chain 1, Iteration: 2000 / 5000 [ 40%]  (Sampling)
Chain 5, Iteration: 2000 / 5000 [ 40%]  (Sampling)
Chain 2, Iteration: 2000 / 5000 [ 40%]  (Sampling)
Chain 4, Iteration: 2500 / 5000 [ 50%]  (Sampling)
Chain 5, Iteration: 2500 / 5000 [ 50%]  (Sampling)
Chain 1, Iteration: 2500 / 5000 [ 50%]  (Sampling)
Chain 3, Iteration: 2000 / 5000 [ 40%]  (Sampling)
Chain 2, Iteration: 2500 / 5000 [ 50%]  (Sampling)
Chain 4, Iteration: 3000 / 5000 [ 60%]  (Sampling)
Chain 5, Iteration: 3000 / 5000 [ 60%]  (Sampling)
Chain 1, Iteration: 3000 / 5000 [ 60%]  (Sampling)
Chain 2, Iteration: 3000 / 5000 [ 60%]  (Sampling)
Chain 4, Iteration: 3500 / 5000 [ 70%]  (Sampling)
Chain 3, Iteration: 2500 / 5000 [ 50%]  (Sampling)
Chain 5, Iteration: 3500 / 5000 [ 70%]  (Sampling)
Chain 1, Iteration: 3500 / 5000 [ 70%]  (Sampling)
Chain 2, Iteration: 3500 / 5000 [ 70%]  (Sampling)
Chain 4, Iteration: 4000 / 5000 [ 80%]  (Sampling)
Chain 5, Iteration: 4000 / 5000 [ 80%]  (Sampling)
Chain 1, Iteration: 4000 / 5000 [ 80%]  (Sampling)
Chain 3, Iteration: 3000 / 5000 [ 60%]  (Sampling)
Chain 2, Iteration: 4000 / 5000 [ 80%]  (Sampling)
Chain 4, Iteration: 4500 / 5000 [ 90%]  (Sampling)
Chain 5, Iteration: 4500 / 5000 [ 90%]  (Sampling)
Chain 1, Iteration: 4500 / 5000 [ 90%]  (Sampling)
Chain 2, Iteration: 4500 / 5000 [ 90%]  (Sampling)
Chain 4, Iteration: 5000 / 5000 [100%]  (Sampling)
 Elapsed Time: 74.0875 seconds (Warm-up)
               215.999 seconds (Sampling)
               290.087 seconds (Total)

The following numerical problems occured the indicated number of times after warmup on chain 4
                                                                                            count
Exception thrown at line 124: lognormal_log: Scale parameter[2] is inf, but must be finite!     4
Exception thrown at line 124: lognormal_log: Scale parameter[1] is inf, but must be finite!     2
Exception thrown at line 124: lognormal_log: Scale parameter[4] is inf, but must be finite!     1
When a numerical problem occurs, the Metropolis proposal gets rejected.
However, by design Metropolis proposals sometimes get rejected even when there are no numerical problems.
Thus, if the number in the 'count' column is small, do not ask about this message on stan-users.

Chain 5, Iteration: 5000 / 5000 [100%]  (Sampling)
 Elapsed Time: 82.3759 seconds (Warm-up)
               214.272 seconds (Sampling)
               296.648 seconds (Total)

The following numerical problems occured the indicated number of times after warmup on chain 5
                                                                                            count
Exception thrown at line 124: lognormal_log: Scale parameter[3] is inf, but must be finite!     5
Exception thrown at line 124: lognormal_log: Scale parameter[1] is inf, but must be finite!     4
Exception thrown at line 114: normal_log: Scale parameter is 0, but must be > 0!                1
When a numerical problem occurs, the Metropolis proposal gets rejected.
However, by design Metropolis proposals sometimes get rejected even when there are no numerical problems.
Thus, if the number in the 'count' column is small, do not ask about this message on stan-users.

Chain 1, Iteration: 5000 / 5000 [100%]  (Sampling)
 Elapsed Time: 81.1791 seconds (Warm-up)
               221.573 seconds (Sampling)
               302.752 seconds (Total)

The following numerical problems occured the indicated number of times after warmup on chain 1
                                                                                            count
Exception thrown at line 124: lognormal_log: Scale parameter[1] is inf, but must be finite!     6
Exception thrown at line 114: normal_log: Scale parameter is 0, but must be > 0!                1
When a numerical problem occurs, the Metropolis proposal gets rejected.
However, by design Metropolis proposals sometimes get rejected even when there are no numerical problems.
Thus, if the number in the 'count' column is small, do not ask about this message on stan-users.

Chain 3, Iteration: 3500 / 5000 [ 70%]  (Sampling)
Chain 2, Iteration: 5000 / 5000 [100%]  (Sampling)
 Elapsed Time: 82.5356 seconds (Warm-up)
               230.257 seconds (Sampling)
               312.792 seconds (Total)

The following numerical problems occured the indicated number of times after warmup on chain 2
                                                                                            count
Exception thrown at line 124: lognormal_log: Scale parameter[3] is inf, but must be finite!     5
Exception thrown at line 124: lognormal_log: Scale parameter[1] is inf, but must be finite!     2
When a numerical problem occurs, the Metropolis proposal gets rejected.
However, by design Metropolis proposals sometimes get rejected even when there are no numerical problems.
Thus, if the number in the 'count' column is small, do not ask about this message on stan-users.

Chain 3, Iteration: 4000 / 5000 [ 80%]  (Sampling)
Chain 3, Iteration: 4500 / 5000 [ 90%]  (Sampling)
Chain 3, Iteration: 5000 / 5000 [100%]  (Sampling)
 Elapsed Time: 78.5597 seconds (Warm-up)
               322.311 seconds (Sampling)
               400.871 seconds (Total)

The following numerical problems occured the indicated number of times after warmup on chain 3
                                                                                            count
Exception thrown at line 124: lognormal_log: Scale parameter[1] is inf, but must be finite!     5
Exception thrown at line 124: lognormal_log: Scale parameter[3] is inf, but must be finite!     1
When a numerical problem occurs, the Metropolis proposal gets rejected.
However, by design Metropolis proposals sometimes get rejected even when there are no numerical problems.
Thus, if the number in the 'count' column is small, do not ask about this message on stan-users.
Warning messages:
1: There were 38 divergent transitions after warmup. Increasing adapt_delta above 0.99 may help. 
2: Examine the pairs() plot to diagnose sampling problems
 
Warning messages:
1: There were 38 divergent transitions after warmup. Increasing adapt_delta above 0.99 may help.
2: Examine the pairs() plot to diagnose sampling problems

Inference for Stan model: mctd_foursurf.
5 chains, each with iter=5000; warmup=1000; thin=1; 
post-warmup draws per chain=4000, total post-warmup draws=20000.

                        mean se_mean    sd     2.5%      25%      50%      75%
loc_detect             -6.33    0.00  0.09    -6.52    -6.40    -6.33    -6.27
scale_detect            0.80    0.00  0.08     0.64     0.74     0.79     0.85
loc_surface[1]          0.81    0.08  6.90   -12.78    -3.21     0.91     4.27
loc_surface[2]         19.43    0.03  2.94    13.83    17.42    19.36    21.38
loc_surface[3]         17.74    0.05  4.72     8.12    14.73    17.79    20.86
loc_surface[4]         19.64    0.03  2.62    14.58    17.85    19.59    21.37
scale_surface[1]        6.92    0.05  4.52     0.49     3.31     6.20     9.93
scale_surface[2]        4.24    0.01  0.77     2.93     3.71     4.17     4.70
scale_surface[3]        7.04    0.01  1.77     4.29     5.81     6.79     8.01
scale_surface[4]        4.41    0.01  0.72     3.21     3.90     4.34     4.84
intercept[1]           -7.40    0.00  0.26    -7.94    -7.57    -7.39    -7.22
intercept[2]           -5.32    0.00  0.23    -5.77    -5.47    -5.32    -5.17
intercept[3]           -6.14    0.00  0.23    -6.62    -6.30    -6.14    -5.98
intercept[4]           -5.57    0.00  0.21    -5.98    -5.71    -5.57    -5.43
b_depth[1]             -0.49    0.00  0.15    -0.81    -0.58    -0.47    -0.39
b_depth[2]             -1.05    0.00  0.20    -1.45    -1.18    -1.04    -0.91
b_depth[3]             -0.52    0.00  0.19    -0.91    -0.65    -0.51    -0.39
b_depth[4]             -1.15    0.00  0.18    -1.51    -1.27    -1.15    -1.03
sig_tube                0.93    0.00  0.12     0.72     0.85     0.93     1.01
sigma[1]                2.07    0.00  0.14     1.82     1.97     2.06     2.16
sigma[2]                1.74    0.00  0.08     1.60     1.69     1.74     1.79
sigma[3]                1.95    0.00  0.09     1.78     1.89     1.94     2.00
sigma[4]                1.73    0.00  0.07     1.60     1.68     1.72     1.77
crop_tot[1]             0.11    0.00  0.03     0.06     0.09     0.10     0.12
crop_tot[2]             1.89    0.01  1.02     0.80     1.25     1.64     2.23
crop_tot[3]             0.39    0.00  0.13     0.21     0.30     0.37     0.45
crop_tot[4]             1.78    0.01  0.94     0.76     1.19     1.56     2.11
crop_tot_diff[1]        1.78    0.01  1.02     0.69     1.14     1.54     2.13
crop_tot_diff[2]        0.28    0.00  0.13     0.10     0.20     0.26     0.34
crop_tot_diff[3]        1.68    0.01  0.94     0.65     1.08     1.45     2.01
crop_int_diff[1]        2.08    0.01  0.34     1.43     1.84     2.07     2.31
crop_int_diff[2]        1.26    0.01  0.32     0.64     1.04     1.25     1.46
crop_int_diff[3]        1.83    0.01  0.33     1.22     1.60     1.82     2.04
crop_bdepth_diff[1]    -0.56    0.00  0.25    -1.03    -0.72    -0.56    -0.40
crop_bdepth_diff[2]    -0.03    0.00  0.24    -0.49    -0.19    -0.04     0.12
crop_bdepth_diff[3]    -0.67    0.00  0.22    -1.09    -0.82    -0.67    -0.52
lp__                -2100.63    0.18 10.09 -2121.06 -2107.36 -2100.35 -2093.67
                       97.5% n_eff Rhat
loc_detect             -6.15  4840    1
scale_detect            0.97  3261    1
loc_surface[1]         16.20  6917    1
loc_surface[2]         25.42  9782    1
loc_surface[3]         26.75  9122    1
loc_surface[4]         24.89  9694    1
scale_surface[1]       16.98  8802    1
scale_surface[2]        5.95 13297    1
scale_surface[3]       11.26 14720    1
scale_surface[4]        6.03 11546    1
intercept[1]           -6.91  3066    1
intercept[2]           -4.87  2802    1
intercept[3]           -5.69  2623    1
intercept[4]           -5.16  2251    1
b_depth[1]             -0.24  5672    1
b_depth[2]             -0.67 12622    1
b_depth[3]             -0.16  9922    1
b_depth[4]             -0.82  9105    1
sig_tube                1.19  3395    1
sigma[1]                2.37 16061    1
sigma[2]                1.90 18038    1
sigma[3]                2.13 17274    1
sigma[4]                1.87 20000    1
crop_tot[1]             0.18  3646    1
crop_tot[2]             4.42  7405    1
crop_tot[3]             0.70  4284    1
crop_tot[4]             4.06  5763    1
crop_tot_diff[1]        4.32  7381    1
crop_tot_diff[2]        0.60  4453    1
crop_tot_diff[3]        3.96  5704    1
crop_int_diff[1]        2.77  2641    1
crop_int_diff[2]        1.92  3134    1
crop_int_diff[3]        2.49  2483    1
crop_bdepth_diff[1]    -0.06  8767    1
crop_bdepth_diff[2]     0.44  9290    1
crop_bdepth_diff[3]    -0.22 10019    1
lp__                -2081.64  3193    1

Samples were drawn using NUTS(diag_e) at Mon Jul 18 18:43:38 2016.
For each parameter, n_eff is a crude measure of effective sample size,
and Rhat is the potential scale reduction factor on split chains (at 
convergence, Rhat=1).
 The estimated Bayesian Fraction of Missing Information is a measure of
 the efficiency of the sampler with values close to 1 being ideal.
 For each chain, these estimates are
 0.7 0.7 0.7 0.7 0.7Inference for Stan model: mctd_foursurf.
5 chains, each with iter=5000; warmup=1000; thin=1; 
post-warmup draws per chain=4000, total post-warmup draws=20000.

                      mean se_mean   sd  2.5%   25%   50%   75% 97.5% n_eff
y_pred[1]             0.04    0.00 0.33  0.00  0.00  0.00  0.01  0.24 20000
y_pred[15]            0.05    0.00 0.25  0.00  0.00  0.00  0.02  0.34 19334
y_pred[28]            0.00    0.00 0.06  0.00  0.00  0.00  0.00  0.03 19965
mu_pred[1]           -0.98    0.01 1.28 -3.46 -1.84 -0.99 -0.14  1.59 13601
mu_pred[15]          -4.31    0.01 0.99 -6.25 -4.96 -4.31 -3.64 -2.36 14915
mu_pred[28]          -7.20    0.01 0.98 -9.11 -7.84 -7.20 -6.55 -5.29 17056
mu_obs_pred[1]       -5.41    0.01 1.10 -7.57 -6.13 -5.40 -4.67 -3.25 13524
mu_obs_pred[15]      -4.88    0.01 0.98 -6.81 -5.53 -4.88 -4.22 -2.96 15547
mu_obs_pred[28]      -7.22    0.01 0.97 -9.12 -7.86 -7.22 -6.57 -5.31 17099
detect_odds_pred[1]   0.70    0.00 0.23  0.18  0.56  0.76  0.89  0.98 13533
detect_odds_pred[15]  0.81    0.00 0.17  0.35  0.73  0.86  0.94  0.99 16269
detect_odds_pred[28]  0.29    0.00 0.21  0.03  0.13  0.24  0.42  0.78 18111
pred_tot[1]           2.97    0.04 4.67  0.23  0.85  1.69  3.37 13.61 17499
                     Rhat
y_pred[1]               1
y_pred[15]              1
y_pred[28]              1
mu_pred[1]              1
mu_pred[15]             1
mu_pred[28]             1
mu_obs_pred[1]          1
mu_obs_pred[15]         1
mu_obs_pred[28]         1
detect_odds_pred[1]     1
detect_odds_pred[15]    1
detect_odds_pred[28]    1
pred_tot[1]             1

Samples were drawn using NUTS(diag_e) at Mon Jul 18 18:43:38 2016.
For each parameter, n_eff is a crude measure of effective sample size,
and Rhat is the potential scale reduction factor on split chains (at 
convergence, Rhat=1).
 The estimated Bayesian Fraction of Missing Information is a measure of
 the efficiency of the sampler with values close to 1 being ideal.
 For each chain, these estimates are
 0.7 0.7 0.7 0.7 0.7[1] "mean of depth: 63.3216783216783"

mean of log(nonzero root volume): -5.564804 

RMSE of mu_obs vs log observed (zeroes excluded):  1.794527 
RMSE/var:  0.438657 

ci_level: 0.8 (80% intervals)
outer_level: 0.95 (95% intervals)
ci_level: 0.8 (80% intervals)
outer_level: 0.95 (95% intervals)
ci_level: 0.8 (80% intervals)
outer_level: 0.95 (95% intervals)
ci_level: 0.8 (80% intervals)
outer_level: 0.95 (95% intervals)
ci_level: 0.8 (80% intervals)
outer_level: 0.95 (95% intervals)
ci_level: 0.8 (80% intervals)
outer_level: 0.95 (95% intervals)
ci_level: 0.8 (80% intervals)
outer_level: 0.95 (95% intervals)
Warning message:
Removed 846 rows containing non-finite values (stat_smooth). 
null device 
          1 

real	7m51.596s
user	0m53.675s
sys	0m4.129s
Extracting fits
Loading required package: ggplot2
Loading required package: StanHeaders
rstan (Version 2.10.1, packaged: 2016-06-24 13:22:16 UTC, GitRev: 85f7a56811da)
For execution on a local, multicore CPU with excess RAM we recommend calling
rstan_options(auto_write = TRUE)
options(mc.cores = parallel::detectCores())
