Starting current_2012_s5 on  Tue Jul 19 00:02:42 UTC 2016
Running mctd_foursurf.R for year  2012  session  5
Loading required package: ggplot2
Loading required package: StanHeaders
rstan (Version 2.10.1, packaged: 2016-06-24 13:22:16 UTC, GitRev: 85f7a56811da)
For execution on a local, multicore CPU with excess RAM we recommend calling
rstan_options(auto_write = TRUE)
options(mc.cores = parallel::detectCores())
R version 3.3.1 (2016-06-21)
Platform: x86_64-apple-darwin13.4.0 (64-bit)
Running under: OS X 10.11.5 (El Capitan)

locale:
[1] en_US.UTF-8/en_US.UTF-8/en_US.UTF-8/C/en_US.UTF-8/en_US.UTF-8

attached base packages:
[1] stats     graphics  grDevices utils     datasets  base     

other attached packages:
[1] rstan_2.10.1         StanHeaders_2.10.0-2 ggplot2_2.1.0       

loaded via a namespace (and not attached):
 [1] colorspace_1.2-6 scales_0.4.0     plyr_1.8.4       inline_0.3.14   
 [5] gtable_0.2.0     gridExtra_2.2.1  Rcpp_0.12.5      grid_3.3.1      
 [9] methods_3.3.1    stats4_3.3.1     munsell_0.4.3   
structure(list(Tube = c(1L, 2L, 3L, 4L, 5L, 6L, 7L, 8L, 9L, 10L, 
11L, 12L, 13L, 14L, 15L, 16L, 17L, 18L, 19L, 20L, 21L, 22L, 23L, 
24L, 25L, 26L, 27L, 28L, 29L, 30L, 31L, 32L, 33L, 34L, 35L, 36L, 
37L, 38L, 39L, 40L, 41L, 42L, 43L, 44L, 45L, 46L, 47L, 48L, 49L, 
51L, 57L, 58L, 59L, 60L, 61L, 63L, 64L, 69L, 70L, 71L, 72L, 81L, 
82L, 83L, 84L, 85L, 86L, 87L, 88L, 93L, 94L, 95L, 96L), Tube_alias = 1:73), .Names = c("Tube", 
"Tube_alias"), row.names = c(NA, -73L), class = "data.frame")
   Tube Tube_alias
1     1          1
2     2          2
3     3          3
4     4          4
5     5          5
6     6          6
7     7          7
8     8          8
9     9          9
10   10         10
11   11         11
12   12         12
13   13         13
14   14         14
15   15         15
16   16         16
17   17         17
18   18         18
19   19         19
20   20         20
21   21         21
22   22         22
23   23         23
24   24         24
25   25         25
26   26         26
27   27         27
28   28         28
29   29         29
30   30         30
31   31         31
32   32         32
33   33         33
34   34         34
35   35         35
36   36         36
37   37         37
38   38         38
39   39         39
40   40         40
41   41         41
42   42         42
43   43         43
44   44         44
45   45         45
46   46         46
47   47         47
48   48         48
49   49         49
50   51         50
51   57         51
52   58         52
53   59         53
54   60         54
55   61         55
56   63         56
57   64         57
58   69         58
59   70         59
60   71         60
61   72         61
62   81         62
63   82         63
64   83         64
65   84         65
66   85         66
67   86         67
68   87         68
69   88         69
70   93         70
71   94         71
72   95         72
73   96         73
[1] "Using data from 2012 , session 5"
[1] "Crop name-to-number key:"
              num          name first_tube last_tube first_tube_alias
Maize-Soybean   1 Maize-Soybean          1        24                1
Switchgrass     2   Switchgrass         49        72               49
Miscanthus      3    Miscanthus         25        48               25
Prairie         4       Prairie         81        96               62
              last_tube_alias n_tubes
Maize-Soybean              24      24
Switchgrass                61      13
Miscanthus                 48      24
Prairie                    73      12
[1] "conditions for predicted data:"
   tube depth       Species
1     1     1   Switchgrass
2     2     1    Miscanthus
3     3     1       Prairie
4     4     1 Maize-Soybean
5     1     8   Switchgrass
6     2     8    Miscanthus
7     3     8       Prairie
8     4     8 Maize-Soybean
9     1    15   Switchgrass
10    2    15    Miscanthus
11    3    15       Prairie
12    4    15 Maize-Soybean
13    1    21   Switchgrass
14    2    21    Miscanthus
15    3    21       Prairie
16    4    21 Maize-Soybean
17    1    28   Switchgrass
18    2    28    Miscanthus
19    3    28       Prairie
20    4    28 Maize-Soybean
21    1    35   Switchgrass
22    2    35    Miscanthus
23    3    35       Prairie
24    4    35 Maize-Soybean
25    1    42   Switchgrass
26    2    42    Miscanthus
27    3    42       Prairie
28    4    42 Maize-Soybean
29    1    49   Switchgrass
30    2    49    Miscanthus
31    3    49       Prairie
32    4    49 Maize-Soybean
33    1    55   Switchgrass
34    2    55    Miscanthus
35    3    55       Prairie
36    4    55 Maize-Soybean
37    1    62   Switchgrass
38    2    62    Miscanthus
39    3    62       Prairie
40    4    62 Maize-Soybean
41    1    69   Switchgrass
42    2    69    Miscanthus
43    3    69       Prairie
44    4    69 Maize-Soybean
45    1    76   Switchgrass
46    2    76    Miscanthus
47    3    76       Prairie
48    4    76 Maize-Soybean
49    1    82   Switchgrass
50    2    82    Miscanthus
51    3    82       Prairie
52    4    82 Maize-Soybean
53    1    89   Switchgrass
54    2    89    Miscanthus
55    3    89       Prairie
56    4    89 Maize-Soybean
57    1    96   Switchgrass
58    2    96    Miscanthus
59    3    96       Prairie
60    4    96 Maize-Soybean
61    1   103   Switchgrass
62    2   103    Miscanthus
63    3   103       Prairie
64    4   103 Maize-Soybean
65    1   110   Switchgrass
66    2   110    Miscanthus
67    3   110       Prairie
68    4   110 Maize-Soybean
69    1   116   Switchgrass
70    2   116    Miscanthus
71    3   116       Prairie
72    4   116 Maize-Soybean
73    1   123   Switchgrass
74    2   123    Miscanthus
75    3   123       Prairie
76    4   123 Maize-Soybean
77    1   130   Switchgrass
78    2   130    Miscanthus
79    3   130       Prairie
80    4   130 Maize-Soybean

TRANSLATING MODEL 'mctd_foursurf' FROM Stan CODE TO C++ CODE NOW.
DIAGNOSTIC(S) FROM PARSER:
Warning (non-fatal): assignment operator <- deprecated in the Stan language; use = instead.
Warning (non-fatal): assignment operator <- deprecated in the Stan language; use = instead.
Warning (non-fatal): assignment operator <- deprecated in the Stan language; use = instead.
Warning (non-fatal): assignment operator <- deprecated in the Stan language; use = instead.
Warning (non-fatal): assignment operator <- deprecated in the Stan language; use = instead.
Warning (non-fatal): assignment operator <- deprecated in the Stan language; use = instead.
Warning (non-fatal): assignment operator <- deprecated in the Stan language; use = instead.
Warning (non-fatal): assignment operator <- deprecated in the Stan language; use = instead.
Warning (non-fatal): assignment operator <- deprecated in the Stan language; use = instead.
Warning (non-fatal): assignment operator <- deprecated in the Stan language; use = instead.
Warning (non-fatal): assignment operator <- deprecated in the Stan language; use = instead.
Warning (non-fatal): assignment operator <- deprecated in the Stan language; use = instead.
Warning (non-fatal): assignment operator <- deprecated in the Stan language; use = instead.
Warning (non-fatal): assignment operator <- deprecated in the Stan language; use = instead.
Warning (non-fatal): assignment operator <- deprecated in the Stan language; use = instead.
Warning (non-fatal): assignment operator <- deprecated in the Stan language; use = instead.
Warning (non-fatal): assignment operator <- deprecated in the Stan language; use = instead.
Warning (non-fatal): assignment operator <- deprecated in the Stan language; use = instead.
Warning (non-fatal): assignment operator <- deprecated in the Stan language; use = instead.
Warning (non-fatal): assignment operator <- deprecated in the Stan language; use = instead.
Warning (non-fatal): assignment operator <- deprecated in the Stan language; use = instead.
Warning (non-fatal): assignment operator <- deprecated in the Stan language; use = instead.
Warning (non-fatal): assignment operator <- deprecated in the Stan language; use = instead.

successful in parsing the Stan model 'mctd_foursurf'.

CHECKING DATA AND PREPROCESSING FOR MODEL 'mctd_foursurf' NOW.

COMPILING MODEL 'mctd_foursurf' NOW.

STARTING SAMPLER FOR MODEL 'mctd_foursurf' NOW.
starting worker pid=50804 on localhost:11564 at 19:02:47.318
starting worker pid=50812 on localhost:11564 at 19:02:47.490
starting worker pid=50820 on localhost:11564 at 19:02:47.659
starting worker pid=50828 on localhost:11564 at 19:02:47.826
starting worker pid=50836 on localhost:11564 at 19:02:48.021

CHECKING DATA AND PREPROCESSING FOR MODEL 'mctd_foursurf' NOW.

COMPILING MODEL 'mctd_foursurf' NOW.

STARTING SAMPLER FOR MODEL 'mctd_foursurf' NOW.

SAMPLING FOR MODEL 'mctd_foursurf' NOW (CHAIN 1).

Chain 1, Iteration:    1 / 5000 [  0%]  (Warmup)
CHECKING DATA AND PREPROCESSING FOR MODEL 'mctd_foursurf' NOW.

COMPILING MODEL 'mctd_foursurf' NOW.

STARTING SAMPLER FOR MODEL 'mctd_foursurf' NOW.

SAMPLING FOR MODEL 'mctd_foursurf' NOW (CHAIN 2).

Chain 2, Iteration:    1 / 5000 [  0%]  (Warmup)
CHECKING DATA AND PREPROCESSING FOR MODEL 'mctd_foursurf' NOW.

COMPILING MODEL 'mctd_foursurf' NOW.

STARTING SAMPLER FOR MODEL 'mctd_foursurf' NOW.

SAMPLING FOR MODEL 'mctd_foursurf' NOW (CHAIN 3).

Chain 3, Iteration:    1 / 5000 [  0%]  (Warmup)
CHECKING DATA AND PREPROCESSING FOR MODEL 'mctd_foursurf' NOW.

COMPILING MODEL 'mctd_foursurf' NOW.

STARTING SAMPLER FOR MODEL 'mctd_foursurf' NOW.

SAMPLING FOR MODEL 'mctd_foursurf' NOW (CHAIN 4).

Chain 4, Iteration:    1 / 5000 [  0%]  (Warmup)
CHECKING DATA AND PREPROCESSING FOR MODEL 'mctd_foursurf' NOW.

COMPILING MODEL 'mctd_foursurf' NOW.

STARTING SAMPLER FOR MODEL 'mctd_foursurf' NOW.

SAMPLING FOR MODEL 'mctd_foursurf' NOW (CHAIN 5).

Chain 5, Iteration:    1 / 5000 [  0%]  (Warmup)
Chain 1, Iteration:  500 / 5000 [ 10%]  (Warmup)
Chain 2, Iteration:  500 / 5000 [ 10%]  (Warmup)
Chain 5, Iteration:  500 / 5000 [ 10%]  (Warmup)
Chain 3, Iteration:  500 / 5000 [ 10%]  (Warmup)
Chain 4, Iteration:  500 / 5000 [ 10%]  (Warmup)
Chain 1, Iteration: 1000 / 5000 [ 20%]  (Warmup)
Chain 1, Iteration: 1001 / 5000 [ 20%]  (Sampling)
Chain 3, Iteration: 1000 / 5000 [ 20%]  (Warmup)
Chain 3, Iteration: 1001 / 5000 [ 20%]  (Sampling)
Chain 5, Iteration: 1000 / 5000 [ 20%]  (Warmup)
Chain 5, Iteration: 1001 / 5000 [ 20%]  (Sampling)
Chain 2, Iteration: 1000 / 5000 [ 20%]  (Warmup)
Chain 2, Iteration: 1001 / 5000 [ 20%]  (Sampling)
Chain 4, Iteration: 1000 / 5000 [ 20%]  (Warmup)
Chain 4, Iteration: 1001 / 5000 [ 20%]  (Sampling)
Chain 1, Iteration: 1500 / 5000 [ 30%]  (Sampling)
Chain 3, Iteration: 1500 / 5000 [ 30%]  (Sampling)
Chain 2, Iteration: 1500 / 5000 [ 30%]  (Sampling)
Chain 5, Iteration: 1500 / 5000 [ 30%]  (Sampling)
Chain 4, Iteration: 1500 / 5000 [ 30%]  (Sampling)
Chain 1, Iteration: 2000 / 5000 [ 40%]  (Sampling)
Chain 3, Iteration: 2000 / 5000 [ 40%]  (Sampling)
Chain 2, Iteration: 2000 / 5000 [ 40%]  (Sampling)
Chain 5, Iteration: 2000 / 5000 [ 40%]  (Sampling)
Chain 4, Iteration: 2000 / 5000 [ 40%]  (Sampling)
Chain 1, Iteration: 2500 / 5000 [ 50%]  (Sampling)
Chain 3, Iteration: 2500 / 5000 [ 50%]  (Sampling)
Chain 2, Iteration: 2500 / 5000 [ 50%]  (Sampling)
Chain 5, Iteration: 2500 / 5000 [ 50%]  (Sampling)
Chain 4, Iteration: 2500 / 5000 [ 50%]  (Sampling)
Chain 1, Iteration: 3000 / 5000 [ 60%]  (Sampling)
Chain 3, Iteration: 3000 / 5000 [ 60%]  (Sampling)
Chain 2, Iteration: 3000 / 5000 [ 60%]  (Sampling)
Chain 5, Iteration: 3000 / 5000 [ 60%]  (Sampling)
Chain 1, Iteration: 3500 / 5000 [ 70%]  (Sampling)
Chain 4, Iteration: 3000 / 5000 [ 60%]  (Sampling)
Chain 3, Iteration: 3500 / 5000 [ 70%]  (Sampling)
Chain 2, Iteration: 3500 / 5000 [ 70%]  (Sampling)
Chain 5, Iteration: 3500 / 5000 [ 70%]  (Sampling)
Chain 1, Iteration: 4000 / 5000 [ 80%]  (Sampling)
Chain 4, Iteration: 3500 / 5000 [ 70%]  (Sampling)
Chain 3, Iteration: 4000 / 5000 [ 80%]  (Sampling)
Chain 2, Iteration: 4000 / 5000 [ 80%]  (Sampling)
Chain 5, Iteration: 4000 / 5000 [ 80%]  (Sampling)
Chain 1, Iteration: 4500 / 5000 [ 90%]  (Sampling)
Chain 3, Iteration: 4500 / 5000 [ 90%]  (Sampling)
Chain 2, Iteration: 4500 / 5000 [ 90%]  (Sampling)
Chain 4, Iteration: 4000 / 5000 [ 80%]  (Sampling)
Chain 5, Iteration: 4500 / 5000 [ 90%]  (Sampling)
Chain 1, Iteration: 5000 / 5000 [100%]  (Sampling)
 Elapsed Time: 49.2284 seconds (Warm-up)
               172.719 seconds (Sampling)
               221.947 seconds (Total)

The following numerical problems occured the indicated number of times after warmup on chain 1
                                                                                             count
Exception thrown at line 124: lognormal_log: Scale parameter[2] is inf, but must be finite!      6
Exception thrown at line 114: normal_log: Scale parameter is 0, but must be > 0!                 1
Exception thrown at line 124: lognormal_log: Scale parameter[18] is inf, but must be finite!     1
When a numerical problem occurs, the Metropolis proposal gets rejected.
However, by design Metropolis proposals sometimes get rejected even when there are no numerical problems.
Thus, if the number in the 'count' column is small, do not ask about this message on stan-users.

Chain 3, Iteration: 5000 / 5000 [100%]  (Sampling)
 Elapsed Time: 54.0993 seconds (Warm-up)
               171.294 seconds (Sampling)
               225.393 seconds (Total)

The following numerical problems occured the indicated number of times after warmup on chain 3
                                                                                            count
Exception thrown at line 124: lognormal_log: Scale parameter[1] is inf, but must be finite!     8
When a numerical problem occurs, the Metropolis proposal gets rejected.
However, by design Metropolis proposals sometimes get rejected even when there are no numerical problems.
Thus, if the number in the 'count' column is small, do not ask about this message on stan-users.

Chain 2, Iteration: 5000 / 5000 [100%]  (Sampling)
 Elapsed Time: 55.6414 seconds (Warm-up)
               171.109 seconds (Sampling)
               226.75 seconds (Total)

The following numerical problems occured the indicated number of times after warmup on chain 2
                                                                                            count
Exception thrown at line 124: lognormal_log: Scale parameter[2] is inf, but must be finite!     8
Exception thrown at line 124: lognormal_log: Scale parameter[1] is inf, but must be finite!     2
When a numerical problem occurs, the Metropolis proposal gets rejected.
However, by design Metropolis proposals sometimes get rejected even when there are no numerical problems.
Thus, if the number in the 'count' column is small, do not ask about this message on stan-users.

Chain 5, Iteration: 5000 / 5000 [100%]  (Sampling)
 Elapsed Time: 53.4746 seconds (Warm-up)
               174.989 seconds (Sampling)
               228.463 seconds (Total)

The following numerical problems occured the indicated number of times after warmup on chain 5
                                                                                            count
Exception thrown at line 124: lognormal_log: Scale parameter[1] is inf, but must be finite!     5
Exception thrown at line 124: lognormal_log: Scale parameter[11] is 0, but must be > 0!         1
Exception thrown at line 124: lognormal_log: Scale parameter[2] is inf, but must be finite!     1
When a numerical problem occurs, the Metropolis proposal gets rejected.
However, by design Metropolis proposals sometimes get rejected even when there are no numerical problems.
Thus, if the number in the 'count' column is small, do not ask about this message on stan-users.

Chain 4, Iteration: 4500 / 5000 [ 90%]  (Sampling)
Chain 4, Iteration: 5000 / 5000 [100%]  (Sampling)
 Elapsed Time: 58.6612 seconds (Warm-up)
               190.109 seconds (Sampling)
               248.771 seconds (Total)

The following numerical problems occured the indicated number of times after warmup on chain 4
                                                                                            count
Exception thrown at line 124: lognormal_log: Scale parameter[1] is inf, but must be finite!     5
Exception thrown at line 124: lognormal_log: Scale parameter[2] is inf, but must be finite!     2
Exception thrown at line 114: normal_log: Scale parameter is 0, but must be > 0!                1
When a numerical problem occurs, the Metropolis proposal gets rejected.
However, by design Metropolis proposals sometimes get rejected even when there are no numerical problems.
Thus, if the number in the 'count' column is small, do not ask about this message on stan-users.
NULL
Inference for Stan model: mctd_foursurf.
5 chains, each with iter=5000; warmup=1000; thin=1; 
post-warmup draws per chain=4000, total post-warmup draws=20000.

                        mean se_mean   sd     2.5%      25%      50%      75%
loc_detect             -6.89    0.00 0.17    -7.25    -6.99    -6.88    -6.77
scale_detect            1.11    0.00 0.16     0.83     0.99     1.09     1.20
loc_surface[1]         17.53    0.04 4.05    10.09    14.72    17.37    20.11
loc_surface[2]         25.17    0.06 6.79    10.57    21.03    25.54    29.81
loc_surface[3]         18.42    0.07 7.36     3.02    13.80    18.69    23.48
loc_surface[4]         18.75    0.04 4.99     8.87    15.54    18.79    21.97
scale_surface[1]        5.02    0.01 1.66     2.30     3.86     4.84     5.96
scale_surface[2]        7.81    0.02 1.94     4.80     6.48     7.53     8.83
scale_surface[3]        8.76    0.02 2.40     4.72     7.12     8.52    10.13
scale_surface[4]        6.26    0.01 1.87     3.47     4.97     5.96     7.24
intercept[1]           -5.27    0.00 0.17    -5.61    -5.39    -5.27    -5.16
intercept[2]           -4.89    0.00 0.24    -5.35    -5.05    -4.89    -4.73
intercept[3]           -6.00    0.00 0.18    -6.36    -6.12    -6.00    -5.87
intercept[4]           -5.66    0.00 0.23    -6.12    -5.82    -5.66    -5.51
b_depth[1]              0.36    0.00 0.21    -0.07     0.23     0.37     0.50
b_depth[2]             -0.36    0.00 0.32    -1.01    -0.58    -0.35    -0.13
b_depth[3]             -0.39    0.00 0.25    -0.91    -0.55    -0.37    -0.21
b_depth[4]             -0.70    0.00 0.24    -1.18    -0.86    -0.69    -0.54
sig_tube                0.70    0.00 0.08     0.55     0.64     0.70     0.76
sigma[1]                1.69    0.00 0.07     1.56     1.64     1.69     1.73
sigma[2]                1.64    0.00 0.08     1.49     1.58     1.64     1.69
sigma[3]                2.01    0.00 0.09     1.84     1.95     2.00     2.06
sigma[4]                1.52    0.00 0.08     1.38     1.47     1.52     1.57
crop_tot[1]             0.65    0.00 0.11     0.46     0.57     0.64     0.72
crop_tot[2]             1.32    0.01 0.69     0.64     0.92     1.15     1.49
crop_tot[3]             0.41    0.00 0.15     0.24     0.32     0.38     0.46
crop_tot[4]             0.80    0.00 0.39     0.38     0.55     0.70     0.92
crop_tot_diff[1]        0.67    0.01 0.70    -0.07     0.27     0.50     0.86
crop_tot_diff[2]       -0.24    0.00 0.19    -0.55    -0.35    -0.25    -0.15
crop_tot_diff[3]        0.15    0.00 0.41    -0.37    -0.10     0.06     0.29
crop_int_diff[1]        0.39    0.00 0.29    -0.18     0.19     0.38     0.58
crop_int_diff[2]       -0.72    0.00 0.25    -1.21    -0.89    -0.73    -0.56
crop_int_diff[3]       -0.39    0.00 0.29    -0.96    -0.58    -0.39    -0.20
crop_bdepth_diff[1]    -0.72    0.00 0.38    -1.49    -0.98    -0.71    -0.46
crop_bdepth_diff[2]    -0.75    0.00 0.32    -1.40    -0.96    -0.74    -0.53
crop_bdepth_diff[3]    -1.06    0.00 0.31    -1.68    -1.28    -1.06    -0.85
lp__                -1921.94    0.12 8.37 -1939.26 -1927.34 -1921.62 -1916.12
                       97.5% n_eff Rhat
loc_detect             -6.58  7139    1
scale_detect            1.46  6338    1
loc_surface[1]         25.96  9926    1
loc_surface[2]         37.43 11852    1
loc_surface[3]         31.87 10472    1
loc_surface[4]         28.50 12409    1
scale_surface[1]        8.77 13446    1
scale_surface[2]       12.50 15224    1
scale_surface[3]       14.17 20000    1
scale_surface[4]       10.82 17489    1
intercept[1]           -4.93  5381    1
intercept[2]           -4.41  5240    1
intercept[3]           -5.64  5696    1
intercept[4]           -5.20  4750    1
b_depth[1]              0.75 11190    1
b_depth[2]              0.25 12069    1
b_depth[3]              0.07 11284    1
b_depth[4]             -0.26 13682    1
sig_tube                0.88  8387    1
sigma[1]                1.83 20000    1
sigma[2]                1.81 20000    1
sigma[3]                2.19 20000    1
sigma[4]                1.68 20000    1
crop_tot[1]             0.91  5415    1
crop_tot[2]             3.09  9446    1
crop_tot[3]             0.78  8804    1
crop_tot[4]             1.79  8439    1
crop_tot_diff[1]        2.45  9203    1
crop_tot_diff[2]        0.18  7206    1
crop_tot_diff[3]        1.15  7950    1
crop_int_diff[1]        0.96  5496    1
crop_int_diff[2]       -0.24  5524    1
crop_int_diff[3]        0.17  4847    1
crop_bdepth_diff[1]     0.01 12003    1
crop_bdepth_diff[2]    -0.13 10755    1
crop_bdepth_diff[3]    -0.44 12958    1
lp__                -1906.72  4632    1

Samples were drawn using NUTS(diag_e) at Mon Jul 18 19:07:06 2016.
For each parameter, n_eff is a crude measure of effective sample size,
and Rhat is the potential scale reduction factor on split chains (at 
convergence, Rhat=1).
 The estimated Bayesian Fraction of Missing Information is a measure of
 the efficiency of the sampler with values close to 1 being ideal.
 For each chain, these estimates are
 0.8 0.8 0.8 0.9 0.8Inference for Stan model: mctd_foursurf.
5 chains, each with iter=5000; warmup=1000; thin=1; 
post-warmup draws per chain=4000, total post-warmup draws=20000.

                      mean se_mean   sd  2.5%   25%   50%   75% 97.5% n_eff
y_pred[1]             0.01    0.00 0.05  0.00  0.00  0.00  0.00  0.04 20000
y_pred[15]            0.01    0.00 0.06  0.00  0.00  0.00  0.01  0.11 19819
y_pred[28]            0.02    0.00 0.11  0.00  0.00  0.00  0.01  0.14 19338
mu_pred[1]           -3.40    0.01 1.60 -6.39 -4.53 -3.45 -2.33 -0.15 12141
mu_pred[15]          -4.89    0.01 0.80 -6.47 -5.43 -4.89 -4.37 -3.33 15663
mu_pred[28]          -5.42    0.01 0.74 -6.87 -5.91 -5.42 -4.93 -3.97 17636
mu_obs_pred[1]       -6.72    0.01 1.00 -8.67 -7.38 -6.72 -6.05 -4.75 15402
mu_obs_pred[15]      -5.47    0.01 0.76 -6.98 -5.97 -5.46 -4.96 -3.98 17068
mu_obs_pred[28]      -5.44    0.01 0.73 -6.88 -5.93 -5.44 -4.95 -4.00 17714
detect_odds_pred[1]   0.53    0.00 0.19  0.16  0.39  0.54  0.68  0.88 15492
detect_odds_pred[15]  0.76    0.00 0.12  0.47  0.70  0.78  0.85  0.94 17233
detect_odds_pred[28]  0.77    0.00 0.11  0.50  0.70  0.79  0.85  0.93 17965
pred_tot[1]           1.71    0.01 1.87  0.26  0.70  1.19  2.06  6.33 15975
                     Rhat
y_pred[1]               1
y_pred[15]              1
y_pred[28]              1
mu_pred[1]              1
mu_pred[15]             1
mu_pred[28]             1
mu_obs_pred[1]          1
mu_obs_pred[15]         1
mu_obs_pred[28]         1
detect_odds_pred[1]     1
detect_odds_pred[15]    1
detect_odds_pred[28]    1
pred_tot[1]             1

Samples were drawn using NUTS(diag_e) at Mon Jul 18 19:07:06 2016.
For each parameter, n_eff is a crude measure of effective sample size,
and Rhat is the potential scale reduction factor on split chains (at 
convergence, Rhat=1).
 The estimated Bayesian Fraction of Missing Information is a measure of
 the efficiency of the sampler with values close to 1 being ideal.
 For each chain, these estimates are
 0.8 0.8 0.8 0.9 0.8[1] "mean of depth: 63.1561040693796"

mean of log(nonzero root volume): -5.514442 

RMSE of mu_obs vs log observed (zeroes excluded):  1.704727 
RMSE/var:  0.4599227 

ci_level: 0.8 (80% intervals)
outer_level: 0.95 (95% intervals)
ci_level: 0.8 (80% intervals)
outer_level: 0.95 (95% intervals)
ci_level: 0.8 (80% intervals)
outer_level: 0.95 (95% intervals)
ci_level: 0.8 (80% intervals)
outer_level: 0.95 (95% intervals)
ci_level: 0.8 (80% intervals)
outer_level: 0.95 (95% intervals)
ci_level: 0.8 (80% intervals)
outer_level: 0.95 (95% intervals)
ci_level: 0.8 (80% intervals)
outer_level: 0.95 (95% intervals)
Warning message:
Removed 433 rows containing non-finite values (stat_smooth). 
null device 
          1 

real	5m17.194s
user	0m53.599s
sys	0m3.972s
Extracting fits
Loading required package: ggplot2
Loading required package: StanHeaders
rstan (Version 2.10.1, packaged: 2016-06-24 13:22:16 UTC, GitRev: 85f7a56811da)
For execution on a local, multicore CPU with excess RAM we recommend calling
rstan_options(auto_write = TRUE)
options(mc.cores = parallel::detectCores())
