Starting current_2013_s5 on  Sat Nov 19 15:25:08 UTC 2016
Running mctd_foursurf.R for year  2013  session  5
Loading required package: ggplot2
Loading required package: StanHeaders
rstan (Version 2.12.1, packaged: , GitRev: 85f7a56811da)
For execution on a local, multicore CPU with excess RAM we recommend calling
rstan_options(auto_write = TRUE)
options(mc.cores = parallel::detectCores())
R version 3.3.2 (2016-10-31)
Platform: x86_64-apple-darwin13.4.0 (64-bit)
Running under: OS X El Capitan 10.11.6

locale:
[1] en_US.UTF-8/en_US.UTF-8/en_US.UTF-8/C/en_US.UTF-8/en_US.UTF-8

attached base packages:
[1] stats     graphics  grDevices utils     datasets  base     

other attached packages:
[1] rstan_2.12.1       StanHeaders_2.12.0 ggplot2_2.2.0     

loaded via a namespace (and not attached):
 [1] colorspace_1.3-0 scales_0.4.1     assertthat_0.1   lazyeval_0.2.0  
 [5] plyr_1.8.4       tools_3.3.2      inline_0.3.14    gtable_0.2.0    
 [9] tibble_1.2       gridExtra_2.2.1  Rcpp_0.12.7      grid_3.3.2      
[13] methods_3.3.2    stats4_3.3.2     munsell_0.4.3   
structure(list(Tube = c(1L, 2L, 3L, 5L, 6L, 7L, 9L, 12L, 13L, 
16L, 17L, 18L, 20L, 21L, 23L, 25L, 34L, 35L, 36L, 37L, 38L, 39L, 
40L, 42L, 43L, 44L, 45L, 48L, 49L, 50L, 57L, 61L, 63L, 64L, 65L, 
66L, 68L, 69L, 70L, 71L, 72L, 73L, 75L, 77L, 80L, 81L, 82L, 83L, 
84L, 85L, 86L, 89L, 90L, 91L, 92L, 93L, 94L, 95L, 96L), Tube_alias = 1:59), .Names = c("Tube", 
"Tube_alias"), row.names = c(NA, -59L), class = "data.frame")
   Tube Tube_alias
1     1          1
2     2          2
3     3          3
4     5          4
5     6          5
6     7          6
7     9          7
8    12          8
9    13          9
10   16         10
11   17         11
12   18         12
13   20         13
14   21         14
15   23         15
16   25         16
17   34         17
18   35         18
19   36         19
20   37         20
21   38         21
22   39         22
23   40         23
24   42         24
25   43         25
26   44         26
27   45         27
28   48         28
29   49         29
30   50         30
31   57         31
32   61         32
33   63         33
34   64         34
35   65         35
36   66         36
37   68         37
38   69         38
39   70         39
40   71         40
41   72         41
42   73         42
43   75         43
44   77         44
45   80         45
46   81         46
47   82         47
48   83         48
49   84         49
50   85         50
51   86         51
52   89         52
53   90         53
54   91         54
55   92         55
56   93         56
57   94         57
58   95         58
59   96         59
[1] "Using data from 2013 , session 5"
[1] "Crop name-to-number key:"
              num          name first_tube last_tube first_tube_alias
Maize-Soybean   1 Maize-Soybean          1        23                1
Switchgrass     2   Switchgrass         49        72               29
Miscanthus      3    Miscanthus         25        48               16
Prairie         4       Prairie         73        96               42
              last_tube_alias n_tubes
Maize-Soybean              15      15
Switchgrass                41      13
Miscanthus                 28      13
Prairie                    59      18
[1] "conditions for predicted data:"
   tube depth       Species
1     1     1   Switchgrass
2     2     1    Miscanthus
3     3     1       Prairie
4     4     1 Maize-Soybean
5     1     8   Switchgrass
6     2     8    Miscanthus
7     3     8       Prairie
8     4     8 Maize-Soybean
9     1    15   Switchgrass
10    2    15    Miscanthus
11    3    15       Prairie
12    4    15 Maize-Soybean
13    1    21   Switchgrass
14    2    21    Miscanthus
15    3    21       Prairie
16    4    21 Maize-Soybean
17    1    28   Switchgrass
18    2    28    Miscanthus
19    3    28       Prairie
20    4    28 Maize-Soybean
21    1    35   Switchgrass
22    2    35    Miscanthus
23    3    35       Prairie
24    4    35 Maize-Soybean
25    1    42   Switchgrass
26    2    42    Miscanthus
27    3    42       Prairie
28    4    42 Maize-Soybean
29    1    49   Switchgrass
30    2    49    Miscanthus
31    3    49       Prairie
32    4    49 Maize-Soybean
33    1    55   Switchgrass
34    2    55    Miscanthus
35    3    55       Prairie
36    4    55 Maize-Soybean
37    1    62   Switchgrass
38    2    62    Miscanthus
39    3    62       Prairie
40    4    62 Maize-Soybean
41    1    69   Switchgrass
42    2    69    Miscanthus
43    3    69       Prairie
44    4    69 Maize-Soybean
45    1    76   Switchgrass
46    2    76    Miscanthus
47    3    76       Prairie
48    4    76 Maize-Soybean
49    1    82   Switchgrass
50    2    82    Miscanthus
51    3    82       Prairie
52    4    82 Maize-Soybean
53    1    89   Switchgrass
54    2    89    Miscanthus
55    3    89       Prairie
56    4    89 Maize-Soybean
57    1    96   Switchgrass
58    2    96    Miscanthus
59    3    96       Prairie
60    4    96 Maize-Soybean
61    1   103   Switchgrass
62    2   103    Miscanthus
63    3   103       Prairie
64    4   103 Maize-Soybean
65    1   110   Switchgrass
66    2   110    Miscanthus
67    3   110       Prairie
68    4   110 Maize-Soybean
69    1   116   Switchgrass
70    2   116    Miscanthus
71    3   116       Prairie
72    4   116 Maize-Soybean
73    1   123   Switchgrass
74    2   123    Miscanthus
75    3   123       Prairie
76    4   123 Maize-Soybean
77    1   130   Switchgrass
78    2   130    Miscanthus
79    3   130       Prairie
80    4   130 Maize-Soybean

TRANSLATING MODEL 'mctd_foursurf' FROM Stan CODE TO C++ CODE NOW.
successful in parsing the Stan model 'mctd_foursurf'.

CHECKING DATA AND PREPROCESSING FOR MODEL 'mctd_foursurf' NOW.

COMPILING MODEL 'mctd_foursurf' NOW.

STARTING SAMPLER FOR MODEL 'mctd_foursurf' NOW.
starting worker pid=33835 on localhost:11052 at 10:25:13.547
starting worker pid=33843 on localhost:11052 at 10:25:13.744
starting worker pid=33853 on localhost:11052 at 10:25:13.936
starting worker pid=33862 on localhost:11052 at 10:25:14.132
starting worker pid=33870 on localhost:11052 at 10:25:14.325

CHECKING DATA AND PREPROCESSING FOR MODEL 'mctd_foursurf' NOW.

COMPILING MODEL 'mctd_foursurf' NOW.

STARTING SAMPLER FOR MODEL 'mctd_foursurf' NOW.

SAMPLING FOR MODEL 'mctd_foursurf' NOW (CHAIN 1).

Chain 1, Iteration:    1 / 5000 [  0%]  (Warmup)
CHECKING DATA AND PREPROCESSING FOR MODEL 'mctd_foursurf' NOW.

COMPILING MODEL 'mctd_foursurf' NOW.

STARTING SAMPLER FOR MODEL 'mctd_foursurf' NOW.

SAMPLING FOR MODEL 'mctd_foursurf' NOW (CHAIN 2).

Chain 2, Iteration:    1 / 5000 [  0%]  (Warmup)
CHECKING DATA AND PREPROCESSING FOR MODEL 'mctd_foursurf' NOW.

COMPILING MODEL 'mctd_foursurf' NOW.

STARTING SAMPLER FOR MODEL 'mctd_foursurf' NOW.

SAMPLING FOR MODEL 'mctd_foursurf' NOW (CHAIN 3).

Chain 3, Iteration:    1 / 5000 [  0%]  (Warmup)
CHECKING DATA AND PREPROCESSING FOR MODEL 'mctd_foursurf' NOW.

COMPILING MODEL 'mctd_foursurf' NOW.

STARTING SAMPLER FOR MODEL 'mctd_foursurf' NOW.

SAMPLING FOR MODEL 'mctd_foursurf' NOW (CHAIN 4).

Chain 4, Iteration:    1 / 5000 [  0%]  (Warmup)
CHECKING DATA AND PREPROCESSING FOR MODEL 'mctd_foursurf' NOW.

COMPILING MODEL 'mctd_foursurf' NOW.

STARTING SAMPLER FOR MODEL 'mctd_foursurf' NOW.

SAMPLING FOR MODEL 'mctd_foursurf' NOW (CHAIN 5).

Chain 5, Iteration:    1 / 5000 [  0%]  (Warmup)
Chain 2, Iteration:  500 / 5000 [ 10%]  (Warmup)
Chain 1, Iteration:  500 / 5000 [ 10%]  (Warmup)
Chain 3, Iteration:  500 / 5000 [ 10%]  (Warmup)
Chain 4, Iteration:  500 / 5000 [ 10%]  (Warmup)
Chain 5, Iteration:  500 / 5000 [ 10%]  (Warmup)
Chain 1, Iteration: 1000 / 5000 [ 20%]  (Warmup)
Chain 1, Iteration: 1001 / 5000 [ 20%]  (Sampling)
Chain 2, Iteration: 1000 / 5000 [ 20%]  (Warmup)
Chain 2, Iteration: 1001 / 5000 [ 20%]  (Sampling)
Chain 4, Iteration: 1000 / 5000 [ 20%]  (Warmup)
Chain 4, Iteration: 1001 / 5000 [ 20%]  (Sampling)
Chain 3, Iteration: 1000 / 5000 [ 20%]  (Warmup)
Chain 3, Iteration: 1001 / 5000 [ 20%]  (Sampling)
Chain 5, Iteration: 1000 / 5000 [ 20%]  (Warmup)
Chain 5, Iteration: 1001 / 5000 [ 20%]  (Sampling)
Chain 4, Iteration: 1500 / 5000 [ 30%]  (Sampling)
Chain 1, Iteration: 1500 / 5000 [ 30%]  (Sampling)
Chain 3, Iteration: 1500 / 5000 [ 30%]  (Sampling)
Chain 5, Iteration: 1500 / 5000 [ 30%]  (Sampling)
Chain 2, Iteration: 1500 / 5000 [ 30%]  (Sampling)
Chain 4, Iteration: 2000 / 5000 [ 40%]  (Sampling)
Chain 5, Iteration: 2000 / 5000 [ 40%]  (Sampling)
Chain 3, Iteration: 2000 / 5000 [ 40%]  (Sampling)
Chain 1, Iteration: 2000 / 5000 [ 40%]  (Sampling)
Chain 4, Iteration: 2500 / 5000 [ 50%]  (Sampling)
Chain 2, Iteration: 2000 / 5000 [ 40%]  (Sampling)
Chain 5, Iteration: 2500 / 5000 [ 50%]  (Sampling)
Chain 4, Iteration: 3000 / 5000 [ 60%]  (Sampling)
Chain 3, Iteration: 2500 / 5000 [ 50%]  (Sampling)
Chain 1, Iteration: 2500 / 5000 [ 50%]  (Sampling)
Chain 5, Iteration: 3000 / 5000 [ 60%]  (Sampling)
Chain 4, Iteration: 3500 / 5000 [ 70%]  (Sampling)
Chain 2, Iteration: 2500 / 5000 [ 50%]  (Sampling)
Chain 3, Iteration: 3000 / 5000 [ 60%]  (Sampling)
Chain 1, Iteration: 3000 / 5000 [ 60%]  (Sampling)
Chain 5, Iteration: 3500 / 5000 [ 70%]  (Sampling)
Chain 4, Iteration: 4000 / 5000 [ 80%]  (Sampling)
Chain 3, Iteration: 3500 / 5000 [ 70%]  (Sampling)
Chain 4, Iteration: 4500 / 5000 [ 90%]  (Sampling)
Chain 5, Iteration: 4000 / 5000 [ 80%]  (Sampling)
Chain 1, Iteration: 3500 / 5000 [ 70%]  (Sampling)
Chain 2, Iteration: 3000 / 5000 [ 60%]  (Sampling)
Chain 4, Iteration: 5000 / 5000 [100%]  (Sampling)
 Elapsed Time: 41.1114 seconds (Warm-up)
               136.269 seconds (Sampling)
               177.38 seconds (Total)

The following numerical problems occured the indicated number of times after warmup on chain 4
                                                                                            count
Exception thrown at line 150: lognormal_log: Scale parameter[1] is inf, but must be finite!     6
Exception thrown at line 150: lognormal_log: Scale parameter[5] is inf, but must be finite!     2
When a numerical problem occurs, the Hamiltonian proposal gets rejected.
See http://mc-stan.org/misc/warnings.html#exception-hamiltonian-proposal-rejected
If the number in the 'count' column is small, do not ask about this message on stan-users.

Chain 5, Iteration: 4500 / 5000 [ 90%]  (Sampling)
Chain 3, Iteration: 4000 / 5000 [ 80%]  (Sampling)
Chain 1, Iteration: 4000 / 5000 [ 80%]  (Sampling)
Chain 2, Iteration: 3500 / 5000 [ 70%]  (Sampling)
Chain 5, Iteration: 5000 / 5000 [100%]  (Sampling)
 Elapsed Time: 44.6083 seconds (Warm-up)
               152.584 seconds (Sampling)
               197.193 seconds (Total)

The following numerical problems occured the indicated number of times after warmup on chain 5
                                                                                            count
Exception thrown at line 150: lognormal_log: Scale parameter[1] is inf, but must be finite!     6
Exception thrown at line 150: lognormal_log: Scale parameter[5] is inf, but must be finite!     2
When a numerical problem occurs, the Hamiltonian proposal gets rejected.
See http://mc-stan.org/misc/warnings.html#exception-hamiltonian-proposal-rejected
If the number in the 'count' column is small, do not ask about this message on stan-users.

Chain 3, Iteration: 4500 / 5000 [ 90%]  (Sampling)
Chain 1, Iteration: 4500 / 5000 [ 90%]  (Sampling)
Chain 2, Iteration: 4000 / 5000 [ 80%]  (Sampling)
Chain 3, Iteration: 5000 / 5000 [100%]  (Sampling)
 Elapsed Time: 41.8345 seconds (Warm-up)
               177.785 seconds (Sampling)
               219.62 seconds (Total)

The following numerical problems occured the indicated number of times after warmup on chain 3
                                                                                            count
Exception thrown at line 150: lognormal_log: Scale parameter[1] is inf, but must be finite!     8
When a numerical problem occurs, the Hamiltonian proposal gets rejected.
See http://mc-stan.org/misc/warnings.html#exception-hamiltonian-proposal-rejected
If the number in the 'count' column is small, do not ask about this message on stan-users.

Chain 1, Iteration: 5000 / 5000 [100%]  (Sampling)
 Elapsed Time: 40.7222 seconds (Warm-up)
               186.258 seconds (Sampling)
               226.98 seconds (Total)

The following numerical problems occured the indicated number of times after warmup on chain 1
                                                                                            count
Exception thrown at line 150: lognormal_log: Scale parameter[5] is inf, but must be finite!     6
Exception thrown at line 150: lognormal_log: Scale parameter[1] is inf, but must be finite!     3
Exception thrown at line 140: normal_log: Scale parameter is 0, but must be > 0!                1
When a numerical problem occurs, the Hamiltonian proposal gets rejected.
See http://mc-stan.org/misc/warnings.html#exception-hamiltonian-proposal-rejected
If the number in the 'count' column is small, do not ask about this message on stan-users.

Chain 2, Iteration: 4500 / 5000 [ 90%]  (Sampling)
Chain 2, Iteration: 5000 / 5000 [100%]  (Sampling)
 Elapsed Time: 40.3388 seconds (Warm-up)
               227.136 seconds (Sampling)
               267.475 seconds (Total)

The following numerical problems occured the indicated number of times after warmup on chain 2
                                                                                             count
Exception thrown at line 150: lognormal_log: Scale parameter[5] is inf, but must be finite!      4
Exception thrown at line 150: lognormal_log: Scale parameter[13] is inf, but must be finite!     2
Exception thrown at line 140: normal_log: Scale parameter is 0, but must be > 0!                 1
When a numerical problem occurs, the Hamiltonian proposal gets rejected.
See http://mc-stan.org/misc/warnings.html#exception-hamiltonian-proposal-rejected
If the number in the 'count' column is small, do not ask about this message on stan-users.
NULL
Inference for Stan model: mctd_foursurf.
5 chains, each with iter=5000; warmup=1000; thin=1; 
post-warmup draws per chain=4000, total post-warmup draws=20000.

                        mean se_mean    sd     2.5%      25%      50%      75%
loc_detect             -6.97    0.00  0.21    -7.40    -7.10    -6.96    -6.82
scale_detect            0.78    0.00  0.12     0.57     0.70     0.78     0.86
loc_surface[1]         33.38    0.13 10.27     8.51    27.80    35.26    40.95
loc_surface[2]         22.07    0.02  2.64    16.83    20.32    22.07    23.82
loc_surface[3]         13.83    0.03  3.22     8.84    11.45    13.33    15.83
loc_surface[4]         19.74    0.02  2.48    14.78    18.10    19.75    21.41
scale_surface[1]       12.24    0.04  3.62     7.77     9.77    11.37    13.73
scale_surface[2]        4.04    0.01  0.73     2.88     3.53     3.94     4.43
scale_surface[3]        2.50    0.01  0.92     1.14     1.79     2.35     3.06
scale_surface[4]        3.73    0.00  0.57     2.71     3.34     3.70     4.08
intercept[1]           -5.46    0.00  0.22    -5.87    -5.61    -5.46    -5.31
intercept[2]           -5.02    0.00  0.18    -5.37    -5.14    -5.03    -4.90
intercept[3]           -5.72    0.00  0.18    -6.08    -5.83    -5.71    -5.60
intercept[4]           -5.11    0.00  0.14    -5.38    -5.20    -5.11    -5.02
b_depth[1]             -0.12    0.01  0.42    -0.92    -0.41    -0.11     0.19
b_depth[2]             -1.04    0.00  0.24    -1.53    -1.20    -1.04    -0.87
b_depth[3]             -0.74    0.00  0.20    -1.16    -0.87    -0.74    -0.61
b_depth[4]             -0.96    0.00  0.17    -1.30    -1.07    -0.95    -0.84
sig_tube                0.50    0.00  0.08     0.36     0.44     0.49     0.54
sigma[1]                1.59    0.00  0.09     1.42     1.53     1.59     1.65
sigma[2]                1.84    0.00  0.09     1.67     1.77     1.83     1.89
sigma[3]                1.83    0.00  0.09     1.66     1.76     1.82     1.89
sigma[4]                1.35    0.00  0.05     1.25     1.32     1.35     1.39
crop_tot[1]             0.68    0.00  0.39     0.35     0.48     0.58     0.75
crop_tot[2]             2.68    0.02  1.88     1.03     1.61     2.19     3.14
crop_tot[3]             0.77    0.00  0.31     0.42     0.58     0.70     0.88
crop_tot[4]             1.91    0.01  0.73     1.01     1.41     1.74     2.21
crop_tot_diff[1]        2.01    0.02  1.91     0.10     0.95     1.55     2.49
crop_tot_diff[2]        0.10    0.01  0.49    -0.89    -0.09     0.11     0.31
crop_tot_diff[3]        1.23    0.01  0.82    -0.04     0.75     1.11     1.59
crop_int_diff[1]        0.44    0.00  0.28    -0.11     0.25     0.44     0.62
crop_int_diff[2]       -0.26    0.00  0.28    -0.83    -0.44    -0.25    -0.07
crop_int_diff[3]        0.35    0.00  0.26    -0.17     0.18     0.36     0.52
crop_bdepth_diff[1]    -0.92    0.01  0.48    -1.85    -1.27    -0.92    -0.59
crop_bdepth_diff[2]    -0.63    0.01  0.47    -1.53    -0.95    -0.63    -0.31
crop_bdepth_diff[3]    -0.84    0.01  0.45    -1.70    -1.16    -0.84    -0.53
lp__                -1426.77    0.13  8.03 -1443.24 -1431.97 -1426.50 -1421.34
                       97.5% n_eff Rhat
loc_detect             -6.60  5172    1
scale_detect            1.05  5166    1
loc_surface[1]         48.41  6440    1
loc_surface[2]         27.23 14138    1
loc_surface[3]         21.07  8575    1
loc_surface[4]         24.50 10992    1
scale_surface[1]       21.82  8311    1
scale_surface[2]        5.74 11785    1
scale_surface[3]        4.59  8505    1
scale_surface[4]        4.92 14968    1
intercept[1]           -5.02  6380    1
intercept[2]           -4.67  8157    1
intercept[3]           -5.37  6760    1
intercept[4]           -4.83  6041    1
b_depth[1]              0.65  6780    1
b_depth[2]             -0.57 13342    1
b_depth[3]             -0.38 13738    1
b_depth[4]             -0.63 13838    1
sig_tube                0.66  5263    1
sigma[1]                1.79 20000    1
sigma[2]                2.02 20000    1
sigma[3]                2.02 20000    1
sigma[4]                1.46 20000    1
crop_tot[1]             1.58  9492    1
crop_tot[2]             7.30 11927    1
crop_tot[3]             1.56  9903    1
crop_tot[4]             3.80 10140    1
crop_tot_diff[1]        6.69 12036    1
crop_tot_diff[2]        0.97  9165    1
crop_tot_diff[3]        3.16 10555    1
crop_int_diff[1]        0.98  6970    1
crop_int_diff[2]        0.27  6094    1
crop_int_diff[3]        0.84  5889    1
crop_bdepth_diff[1]     0.01  7632    1
crop_bdepth_diff[2]     0.27  7690    1
crop_bdepth_diff[3]     0.03  7362    1
lp__                -1411.64  3773    1

Samples were drawn using NUTS(diag_e) at Sat Nov 19 10:29:48 2016.
For each parameter, n_eff is a crude measure of effective sample size,
and Rhat is the potential scale reduction factor on split chains (at 
convergence, Rhat=1).
Inference for Stan model: mctd_foursurf.
5 chains, each with iter=5000; warmup=1000; thin=1; 
post-warmup draws per chain=4000, total post-warmup draws=20000.

                      mean se_mean   sd  2.5%   25%   50%   75% 97.5% n_eff
y_pred[1]             0.01    0.00 0.11  0.00  0.00  0.00  0.01  0.10 20000
y_pred[15]            0.03    0.00 0.09  0.00  0.00  0.01  0.03  0.18 20000
y_pred[28]            0.01    0.00 0.04  0.00  0.00  0.00  0.01  0.07 19823
mu_pred[1]           -0.70    0.01 1.17 -2.94 -1.49 -0.72  0.08  1.62 12765
mu_pred[15]          -4.04    0.00 0.56 -5.14 -4.41 -4.04 -3.68 -2.92 17268
mu_pred[28]          -5.41    0.01 0.61 -6.59 -5.82 -5.41 -5.00 -4.19 11606
mu_obs_pred[1]       -6.04    0.01 0.75 -7.53 -6.54 -6.04 -5.55 -4.56 16303
mu_obs_pred[15]      -4.61    0.00 0.55 -5.70 -4.97 -4.62 -4.25 -3.52 19263
mu_obs_pred[28]      -5.89    0.00 0.54 -6.96 -6.25 -5.89 -5.53 -4.82 15954
detect_odds_pred[1]   0.73    0.00 0.17  0.34  0.63  0.77  0.86  0.96 16668
detect_odds_pred[15]  0.94    0.00 0.04  0.83  0.93  0.95  0.97  0.99 17073
detect_odds_pred[28]  0.78    0.00 0.12  0.50  0.71  0.80  0.86  0.94 16252
pred_tot[1]           3.08    0.03 3.03  0.64  1.42  2.25  3.68 10.56 13694
                     Rhat
y_pred[1]               1
y_pred[15]              1
y_pred[28]              1
mu_pred[1]              1
mu_pred[15]             1
mu_pred[28]             1
mu_obs_pred[1]          1
mu_obs_pred[15]         1
mu_obs_pred[28]         1
detect_odds_pred[1]     1
detect_odds_pred[15]    1
detect_odds_pred[28]    1
pred_tot[1]             1

Samples were drawn using NUTS(diag_e) at Sat Nov 19 10:29:48 2016.
For each parameter, n_eff is a crude measure of effective sample size,
and Rhat is the potential scale reduction factor on split chains (at 
convergence, Rhat=1).
[1] "mean of depth: 63.7330578512397"

mean of log(nonzero root volume): -5.406705 

RMSE of mu_obs vs log observed (zeroes excluded):  1.59893 
RMSE/var:  0.4962733 

ci_level: 0.8 (80% intervals)
outer_level: 0.95 (95% intervals)
ci_level: 0.8 (80% intervals)
outer_level: 0.95 (95% intervals)
ci_level: 0.8 (80% intervals)
outer_level: 0.95 (95% intervals)
ci_level: 0.8 (80% intervals)
outer_level: 0.95 (95% intervals)
ci_level: 0.8 (80% intervals)
outer_level: 0.95 (95% intervals)
ci_level: 0.8 (80% intervals)
outer_level: 0.95 (95% intervals)
ci_level: 0.8 (80% intervals)
outer_level: 0.95 (95% intervals)
Warning message:
Removed 223 rows containing non-finite values (stat_smooth). 
null device 
          1 

real	5m37.422s
user	0m57.581s
sys	0m4.623s
Extracting fits
Loading required package: ggplot2
Loading required package: StanHeaders
rstan (Version 2.12.1, packaged: , GitRev: 85f7a56811da)
For execution on a local, multicore CPU with excess RAM we recommend calling
rstan_options(auto_write = TRUE)
options(mc.cores = parallel::detectCores())

Attaching package: ‘dplyr’

The following objects are masked from ‘package:stats’:

    filter, lag

The following objects are masked from ‘package:base’:

    intersect, setdiff, setequal, union

Joining, by = c("term", "estimate", "std.error", "rhat", "ess")
Joining, by = "crop_num"
Joining, by = "parameter"
